# JRE version: OpenJDK Runtime Environment Temurin-17.0.7+7 (17.0.7+7) (build 17.0.7+7)
# Java VM: OpenJDK 64-Bit Server VM Temurin-17.0.7+7 (17.0.7+7, mixed mode, tiered, compressed oops, compressed class ptrs, parallel gc, windows-amd64)
GC Precious Log:
 CPUs: 16 total, 16 available
 Memory: 15596M
 Large Page Support: Disabled
 NUMA Support: Disabled
 Compressed Oops: Enabled (32-bit)
 Alignments: Space 512K, Generation 512K, Heap 2M
 Heap Min Capacity: 100M
 Heap Initial Capacity: 100M
 Heap Max Capacity: 1G
 Pre-touch: Disabled
 Parallel Workers: 13
Heap:
 PSYoungGen      total 27136K, used 2034K [0x00000000eab00000, 0x00000000ed500000, 0x0000000100000000)
  eden space 25088K, 0% used [0x00000000eab00000,0x00000000eab00000,0x00000000ec380000)
  from space 2048K, 99% used [0x00000000eca00000,0x00000000ecbfca80,0x00000000ecc00000)
  to   space 6656K, 0% used [0x00000000ec380000,0x00000000ec380000,0x00000000eca00000)
 ParOldGen       total 424960K, used 424582K [0x00000000c0000000, 0x00000000d9f00000, 0x00000000eab00000)
  object space 424960K, 99% used [0x00000000c0000000,0x00000000d9ea1bc8,0x00000000d9f00000)
 Metaspace       used 82833K, committed 84032K, reserved 1179648K
  class space    used 8719K, committed 9216K, reserved 1048576K
GC Heap History (20 events):
Event: 184.308 GC heap after
{Heap after GC invocations=152 (full 10):
 PSYoungGen      total 32256K, used 1528K [0x00000000eab00000, 0x00000000ed000000, 0x0000000100000000)
  eden space 30720K, 0% used [0x00000000eab00000,0x00000000eab00000,0x00000000ec900000)
  from space 1536K, 99% used [0x00000000ece00000,0x00000000ecf7e3f8,0x00000000ecf80000)
  to   space 512K, 0% used [0x00000000ecf80000,0x00000000ecf80000,0x00000000ed000000)
 ParOldGen       total 422400K, used 414605K [0x00000000c0000000, 0x00000000d9c80000, 0x00000000eab00000)
  object space 422400K, 98% used [0x00000000c0000000,0x00000000d94e3620,0x00000000d9c80000)
 Metaspace       used 81279K, committed 82368K, reserved 1179648K
  class space    used 8530K, committed 8960K, reserved 1048576K
}
Event: 191.600 GC heap before
{Heap before GC invocations=153 (full 10):
 PSYoungGen      total 32256K, used 32248K [0x00000000eab00000, 0x00000000ed000000, 0x0000000100000000)
  eden space 30720K, 100% used [0x00000000eab00000,0x00000000ec900000,0x00000000ec900000)
  from space 1536K, 99% used [0x00000000ece00000,0x00000000ecf7e3f8,0x00000000ecf80000)
  to   space 512K, 0% used [0x00000000ecf80000,0x00000000ecf80000,0x00000000ed000000)
 ParOldGen       total 422400K, used 414605K [0x00000000c0000000, 0x00000000d9c80000, 0x00000000eab00000)
  object space 422400K, 98% used [0x00000000c0000000,0x00000000d94e3620,0x00000000d9c80000)
 Metaspace       used 81318K, committed 82368K, reserved 1179648K
  class space    used 8530K, committed 8960K, reserved 1048576K
}
Event: 191.603 GC heap after
{Heap after GC invocations=153 (full 10):
 PSYoungGen      total 31232K, used 512K [0x00000000eab00000, 0x00000000ed200000, 0x0000000100000000)
  eden space 30720K, 0% used [0x00000000eab00000,0x00000000eab00000,0x00000000ec900000)
  from space 512K, 100% used [0x00000000ecf80000,0x00000000ed000000,0x00000000ed000000)
  to   space 4608K, 0% used [0x00000000ec900000,0x00000000ec900000,0x00000000ecd80000)
 ParOldGen       total 422400K, used 418016K [0x00000000c0000000, 0x00000000d9c80000, 0x00000000eab00000)
  object space 422400K, 98% used [0x00000000c0000000,0x00000000d9838070,0x00000000d9c80000)
 Metaspace       used 81318K, committed 82368K, reserved 1179648K
  class space    used 8530K, committed 8960K, reserved 1048576K
}
Event: 193.365 GC heap before
{Heap before GC invocations=154 (full 10):
 PSYoungGen      total 31232K, used 31232K [0x00000000eab00000, 0x00000000ed200000, 0x0000000100000000)
  eden space 30720K, 100% used [0x00000000eab00000,0x00000000ec900000,0x00000000ec900000)
  from space 512K, 100% used [0x00000000ecf80000,0x00000000ed000000,0x00000000ed000000)
  to   space 4608K, 0% used [0x00000000ec900000,0x00000000ec900000,0x00000000ecd80000)
 ParOldGen       total 422400K, used 418016K [0x00000000c0000000, 0x00000000d9c80000, 0x00000000eab00000)
  object space 422400K, 98% used [0x00000000c0000000,0x00000000d9838070,0x00000000d9c80000)
 Metaspace       used 81355K, committed 82368K, reserved 1179648K
  class space    used 8530K, committed 8960K, reserved 1048576K
}
Event: 193.368 GC heap after
{Heap after GC invocations=154 (full 10):
 PSYoungGen      total 35328K, used 1520K [0x00000000eab00000, 0x00000000ed000000, 0x0000000100000000)
  eden space 30720K, 0% used [0x00000000eab00000,0x00000000eab00000,0x00000000ec900000)
  from space 4608K, 32% used [0x00000000ec900000,0x00000000eca7c010,0x00000000ecd80000)
  to   space 2560K, 0% used [0x00000000ecd80000,0x00000000ecd80000,0x00000000ed000000)
 ParOldGen       total 422400K, used 418152K [0x00000000c0000000, 0x00000000d9c80000, 0x00000000eab00000)
  object space 422400K, 98% used [0x00000000c0000000,0x00000000d985a070,0x00000000d9c80000)
 Metaspace       used 81355K, committed 82368K, reserved 1179648K
  class space    used 8530K, committed 8960K, reserved 1048576K
}
Event: 198.355 GC heap before
{Heap before GC invocations=155 (full 10):
 PSYoungGen      total 35328K, used 32240K [0x00000000eab00000, 0x00000000ed000000, 0x0000000100000000)
  eden space 30720K, 100% used [0x00000000eab00000,0x00000000ec900000,0x00000000ec900000)
  from space 4608K, 32% used [0x00000000ec900000,0x00000000eca7c010,0x00000000ecd80000)
  to   space 2560K, 0% used [0x00000000ecd80000,0x00000000ecd80000,0x00000000ed000000)
 ParOldGen       total 422400K, used 418152K [0x00000000c0000000, 0x00000000d9c80000, 0x00000000eab00000)
  object space 422400K, 98% used [0x00000000c0000000,0x00000000d985a070,0x00000000d9c80000)
 Metaspace       used 81474K, committed 82560K, reserved 1179648K
  class space    used 8530K, committed 8960K, reserved 1048576K
}
Event: 198.359 GC heap after
{Heap after GC invocations=155 (full 10):
 PSYoungGen      total 32768K, used 2556K [0x00000000eab00000, 0x00000000ed300000, 0x0000000100000000)
  eden space 30208K, 0% used [0x00000000eab00000,0x00000000eab00000,0x00000000ec880000)
  from space 2560K, 99% used [0x00000000ecd80000,0x00000000ecfff040,0x00000000ed000000)
  to   space 5120K, 0% used [0x00000000ec880000,0x00000000ec880000,0x00000000ecd80000)
 ParOldGen       total 422400K, used 419904K [0x00000000c0000000, 0x00000000d9c80000, 0x00000000eab00000)
  object space 422400K, 99% used [0x00000000c0000000,0x00000000d9a10070,0x00000000d9c80000)
 Metaspace       used 81474K, committed 82560K, reserved 1179648K
  class space    used 8530K, committed 8960K, reserved 1048576K
}
Event: 72273.082 GC heap before
{Heap before GC invocations=156 (full 10):
 PSYoungGen      total 32768K, used 32764K [0x00000000eab00000, 0x00000000ed300000, 0x0000000100000000)
  eden space 30208K, 99% used [0x00000000eab00000,0x00000000ec87fff8,0x00000000ec880000)
  from space 2560K, 99% used [0x00000000ecd80000,0x00000000ecfff040,0x00000000ed000000)
  to   space 5120K, 0% used [0x00000000ec880000,0x00000000ec880000,0x00000000ecd80000)
 ParOldGen       total 422400K, used 419904K [0x00000000c0000000, 0x00000000d9c80000, 0x00000000eab00000)
  object space 422400K, 99% used [0x00000000c0000000,0x00000000d9a10070,0x00000000d9c80000)
 Metaspace       used 81518K, committed 82624K, reserved 1179648K
  class space    used 8531K, committed 8960K, reserved 1048576K
}
Event: 72273.084 GC heap after
{Heap after GC invocations=156 (full 10):
 PSYoungGen      total 31744K, used 1216K [0x00000000eab00000, 0x00000000ece00000, 0x0000000100000000)
  eden space 30208K, 0% used [0x00000000eab00000,0x00000000eab00000,0x00000000ec880000)
  from space 1536K, 79% used [0x00000000ec880000,0x00000000ec9b0000,0x00000000eca00000)
  to   space 2560K, 0% used [0x00000000ecb80000,0x00000000ecb80000,0x00000000ece00000)
 ParOldGen       total 422400K, used 420313K [0x00000000c0000000, 0x00000000d9c80000, 0x00000000eab00000)
  object space 422400K, 99% used [0x00000000c0000000,0x00000000d9a76458,0x00000000d9c80000)
 Metaspace       used 81518K, committed 82624K, reserved 1179648K
  class space    used 8531K, committed 8960K, reserved 1048576K
}
Event: 84164.552 GC heap before
{Heap before GC invocations=157 (full 10):
 PSYoungGen      total 31744K, used 31423K [0x00000000eab00000, 0x00000000ece00000, 0x0000000100000000)
  eden space 30208K, 99% used [0x00000000eab00000,0x00000000ec87fff8,0x00000000ec880000)
  from space 1536K, 79% used [0x00000000ec880000,0x00000000ec9b0000,0x00000000eca00000)
  to   space 2560K, 0% used [0x00000000ecb80000,0x00000000ecb80000,0x00000000ece00000)
 ParOldGen       total 422400K, used 420313K [0x00000000c0000000, 0x00000000d9c80000, 0x00000000eab00000)
  object space 422400K, 99% used [0x00000000c0000000,0x00000000d9a76458,0x00000000d9c80000)
 Metaspace       used 81660K, committed 82816K, reserved 1179648K
  class space    used 8551K, committed 9024K, reserved 1048576K
}
Event: 84164.555 GC heap after
{Heap after GC invocations=157 (full 10):
 PSYoungGen      total 31744K, used 1216K [0x00000000eab00000, 0x00000000ecd00000, 0x0000000100000000)
  eden space 30208K, 0% used [0x00000000eab00000,0x00000000eab00000,0x00000000ec880000)
  from space 1536K, 79% used [0x00000000ecb80000,0x00000000eccb0020,0x00000000ecd00000)
  to   space 1536K, 0% used [0x00000000ec880000,0x00000000ec880000,0x00000000eca00000)
 ParOldGen       total 422400K, used 420313K [0x00000000c0000000, 0x00000000d9c80000, 0x00000000eab00000)
  object space 422400K, 99% used [0x00000000c0000000,0x00000000d9a76458,0x00000000d9c80000)
 Metaspace       used 81660K, committed 82816K, reserved 1179648K
  class space    used 8551K, committed 9024K, reserved 1048576K
}
Event: 150973.267 GC heap before
{Heap before GC invocations=158 (full 10):
 PSYoungGen      total 31744K, used 31424K [0x00000000eab00000, 0x00000000ecd00000, 0x0000000100000000)
  eden space 30208K, 100% used [0x00000000eab00000,0x00000000ec880000,0x00000000ec880000)
  from space 1536K, 79% used [0x00000000ecb80000,0x00000000eccb0020,0x00000000ecd00000)
  to   space 1536K, 0% used [0x00000000ec880000,0x00000000ec880000,0x00000000eca00000)
 ParOldGen       total 422400K, used 420313K [0x00000000c0000000, 0x00000000d9c80000, 0x00000000eab00000)
  object space 422400K, 99% used [0x00000000c0000000,0x00000000d9a76458,0x00000000d9c80000)
 Metaspace       used 81688K, committed 82816K, reserved 1179648K
  class space    used 8551K, committed 9024K, reserved 1048576K
}
Event: 150973.269 GC heap after
{Heap after GC invocations=158 (full 10):
 PSYoungGen      total 31744K, used 1200K [0x00000000eab00000, 0x00000000ecc00000, 0x0000000100000000)
  eden space 30208K, 0% used [0x00000000eab00000,0x00000000eab00000,0x00000000ec880000)
  from space 1536K, 78% used [0x00000000ec880000,0x00000000ec9ac010,0x00000000eca00000)
  to   space 1536K, 0% used [0x00000000eca80000,0x00000000eca80000,0x00000000ecc00000)
 ParOldGen       total 422400K, used 420321K [0x00000000c0000000, 0x00000000d9c80000, 0x00000000eab00000)
  object space 422400K, 99% used [0x00000000c0000000,0x00000000d9a78458,0x00000000d9c80000)
 Metaspace       used 81688K, committed 82816K, reserved 1179648K
  class space    used 8551K, committed 9024K, reserved 1048576K
}
Event: 164476.874 GC heap before
{Heap before GC invocations=159 (full 10):
 PSYoungGen      total 31744K, used 31408K [0x00000000eab00000, 0x00000000ecc00000, 0x0000000100000000)
  eden space 30208K, 100% used [0x00000000eab00000,0x00000000ec880000,0x00000000ec880000)
  from space 1536K, 78% used [0x00000000ec880000,0x00000000ec9ac010,0x00000000eca00000)
  to   space 1536K, 0% used [0x00000000eca80000,0x00000000eca80000,0x00000000ecc00000)
 ParOldGen       total 422400K, used 420321K [0x00000000c0000000, 0x00000000d9c80000, 0x00000000eab00000)
  object space 422400K, 99% used [0x00000000c0000000,0x00000000d9a78458,0x00000000d9c80000)
 Metaspace       used 82668K, committed 83776K, reserved 1179648K
  class space    used 8715K, committed 9152K, reserved 1048576K
}
Event: 164476.878 GC heap after
{Heap after GC invocations=159 (full 10):
 PSYoungGen      total 31232K, used 1520K [0x00000000eab00000, 0x00000000ecd80000, 0x0000000100000000)
  eden space 29696K, 0% used [0x00000000eab00000,0x00000000eab00000,0x00000000ec800000)
  from space 1536K, 98% used [0x00000000eca80000,0x00000000ecbfc010,0x00000000ecc00000)
  to   space 2560K, 0% used [0x00000000ec800000,0x00000000ec800000,0x00000000eca80000)
 ParOldGen       total 422400K, used 420769K [0x00000000c0000000, 0x00000000d9c80000, 0x00000000eab00000)
  object space 422400K, 99% used [0x00000000c0000000,0x00000000d9ae84f8,0x00000000d9c80000)
 Metaspace       used 82668K, committed 83776K, reserved 1179648K
  class space    used 8715K, committed 9152K, reserved 1048576K
}
Event: 164494.014 GC heap before
{Heap before GC invocations=160 (full 10):
 PSYoungGen      total 31232K, used 31216K [0x00000000eab00000, 0x00000000ecd80000, 0x0000000100000000)
  eden space 29696K, 100% used [0x00000000eab00000,0x00000000ec800000,0x00000000ec800000)
  from space 1536K, 98% used [0x00000000eca80000,0x00000000ecbfc010,0x00000000ecc00000)
  to   space 2560K, 0% used [0x00000000ec800000,0x00000000ec800000,0x00000000eca80000)
 ParOldGen       total 422400K, used 420769K [0x00000000c0000000, 0x00000000d9c80000, 0x00000000eab00000)
  object space 422400K, 99% used [0x00000000c0000000,0x00000000d9ae84f8,0x00000000d9c80000)
 Metaspace       used 82793K, committed 83968K, reserved 1179648K
  class space    used 8719K, committed 9216K, reserved 1048576K
}
Event: 164494.017 GC heap after
{Heap after GC invocations=160 (full 10):
 PSYoungGen      total 31744K, used 1728K [0x00000000eab00000, 0x00000000ecc00000, 0x0000000100000000)
  eden space 29696K, 0% used [0x00000000eab00000,0x00000000eab00000,0x00000000ec800000)
  from space 2048K, 84% used [0x00000000ec800000,0x00000000ec9b0000,0x00000000eca00000)
  to   space 2048K, 0% used [0x00000000eca00000,0x00000000eca00000,0x00000000ecc00000)
 ParOldGen       total 422400K, used 420817K [0x00000000c0000000, 0x00000000d9c80000, 0x00000000eab00000)
  object space 422400K, 99% used [0x00000000c0000000,0x00000000d9af44f8,0x00000000d9c80000)
 Metaspace       used 82793K, committed 83968K, reserved 1179648K
  class space    used 8719K, committed 9216K, reserved 1048576K
}
Event: 164494.888 GC heap before
{Heap before GC invocations=161 (full 10):
 PSYoungGen      total 31744K, used 31355K [0x00000000eab00000, 0x00000000ecc00000, 0x0000000100000000)
  eden space 29696K, 99% used [0x00000000eab00000,0x00000000ec7eee88,0x00000000ec800000)
  from space 2048K, 84% used [0x00000000ec800000,0x00000000ec9b0000,0x00000000eca00000)
  to   space 2048K, 0% used [0x00000000eca00000,0x00000000eca00000,0x00000000ecc00000)
 ParOldGen       total 422400K, used 420817K [0x00000000c0000000, 0x00000000d9c80000, 0x00000000eab00000)
  object space 422400K, 99% used [0x00000000c0000000,0x00000000d9af44f8,0x00000000d9c80000)
 Metaspace       used 82833K, committed 84032K, reserved 1179648K
  class space    used 8719K, committed 9216K, reserved 1048576K
}
Event: 164494.892 GC heap after
{Heap after GC invocations=161 (full 10):
 PSYoungGen      total 27136K, used 2034K [0x00000000eab00000, 0x00000000ed500000, 0x0000000100000000)
  eden space 25088K, 0% used [0x00000000eab00000,0x00000000eab00000,0x00000000ec380000)
  from space 2048K, 99% used [0x00000000eca00000,0x00000000ecbfca80,0x00000000ecc00000)
  to   space 6656K, 0% used [0x00000000ec380000,0x00000000ec380000,0x00000000eca00000)
 ParOldGen       total 424960K, used 424582K [0x00000000c0000000, 0x00000000d9f00000, 0x00000000eab00000)
  object space 424960K, 99% used [0x00000000c0000000,0x00000000d9ea1bc8,0x00000000d9f00000)
 Metaspace       used 82833K, committed 84032K, reserved 1179648K
  class space    used 8719K, committed 9216K, reserved 1048576K
}
Event: 164494.892 GC heap before
{Heap before GC invocations=162 (full 11):
 PSYoungGen      total 27136K, used 2034K [0x00000000eab00000, 0x00000000ed500000, 0x0000000100000000)
  eden space 25088K, 0% used [0x00000000eab00000,0x00000000eab00000,0x00000000ec380000)
  from space 2048K, 99% used [0x00000000eca00000,0x00000000ecbfca80,0x00000000ecc00000)
  to   space 6656K, 0% used [0x00000000ec380000,0x00000000ec380000,0x00000000eca00000)
 ParOldGen       total 424960K, used 424582K [0x00000000c0000000, 0x00000000d9f00000, 0x00000000eab00000)
  object space 424960K, 99% used [0x00000000c0000000,0x00000000d9ea1bc8,0x00000000d9f00000)
 Metaspace       used 82833K, committed 84032K, reserved 1179648K
  class space    used 8719K, committed 9216K, reserved 1048576K
}

